This file contains any messages produced by compilers while
running configure, to aid debugging if configure makes a mistake.

It was created by beebs configure 1.0, which was
generated by GNU Autoconf 2.69.  Invocation command line was

  $ ../../beebs/configure --with-platform=stm32vldiscovery --host=arm-none-eabi host_alias=arm-none-eabi --no-create --no-recursion

## --------- ##
## Platform. ##
## --------- ##

hostname = ae
uname -m = x86_64
uname -r = 3.16.0-23-generic
uname -s = Linux
uname -v = #31-Ubuntu SMP Tue Oct 21 17:56:17 UTC 2014

/usr/bin/uname -p = unknown
/bin/uname -X     = unknown

/bin/arch              = unknown
/usr/bin/arch -k       = unknown
/usr/convex/getsysinfo = unknown
/usr/bin/hostinfo      = unknown
/bin/machine           = unknown
/usr/bin/oslevel       = unknown
/bin/universe          = unknown

PATH: /usr/local/sbin
PATH: /usr/local/bin
PATH: /usr/sbin
PATH: /usr/bin
PATH: /sbin
PATH: /bin
PATH: /usr/games
PATH: /usr/local/games


## ----------- ##
## Core tests. ##
## ----------- ##

configure:2210: checking whether to enable maintainer-specific portions of Makefiles
configure:2219: result: no
configure:2244: checking whether make supports nested variables
configure:2261: result: yes
configure:2580: checking build system type
configure:2594: result: x86_64-unknown-linux-gnu
configure:2614: checking host system type
configure:2627: result: arm-none-eabi
configure:2647: checking target system type
configure:2660: result: arm-none-eabi
configure:2704: checking for a BSD-compatible install
configure:2772: result: /usr/bin/install -c
configure:2783: checking whether build environment is sane
configure:2838: result: yes
configure:2897: checking for arm-none-eabi-strip
configure:2913: found /usr/bin/arm-none-eabi-strip
configure:2924: result: arm-none-eabi-strip
configure:2989: checking for a thread-safe mkdir -p
configure:3028: result: /bin/mkdir -p
configure:3035: checking for gawk
configure:3065: result: no
configure:3035: checking for mawk
configure:3051: found /usr/bin/mawk
configure:3062: result: mawk
configure:3073: checking whether make sets $(MAKE)
configure:3095: result: yes
configure:3273: checking how to print strings
configure:3300: result: printf
configure:3333: checking for style of include used by make
configure:3361: result: GNU
configure:3392: checking for arm-none-eabi-gcc
configure:3408: found /usr/bin/arm-none-eabi-gcc
configure:3419: result: arm-none-eabi-gcc
configure:3688: checking for C compiler version
configure:3697: arm-none-eabi-gcc --version >&5
arm-none-eabi-gcc (4.8.3-11ubuntu1+11) 4.8.3 20140913 (release)
Copyright (C) 2013 Free Software Foundation, Inc.
This is free software; see the source for copying conditions.  There is NO
warranty; not even for MERCHANTABILITY or FITNESS FOR A PARTICULAR PURPOSE.

configure:3708: $? = 0
configure:3697: arm-none-eabi-gcc -v >&5
Using built-in specs.
COLLECT_GCC=arm-none-eabi-gcc
COLLECT_LTO_WRAPPER=/usr/lib/gcc/arm-none-eabi/4.8/lto-wrapper
Target: arm-none-eabi
Configured with: ../gcc-4.8.3/configure --build=x86_64-linux-gnu --prefix=/usr --includedir='/usr/lib/include' --mandir='/usr/lib/share/man' --infodir='/usr/lib/share/info' --sysconfdir=/etc --localstatedir=/var --disable-silent-rules --libexecdir='/usr/lib/lib/gcc-arm-none-eabi' --disable-maintainer-mode --disable-dependency-tracking --enable-languages=c,c++ --prefix=/usr/lib --infodir=/usr/share/doc/gcc-arm-none-eabi/info --mandir=/usr/share/man --htmldir=/usr/share/doc/gcc-arm-none-eabi/html --pdfdir=/usr/share/doc/gcc-arm-none-eabi/pdf --bindir=/usr/bin --libexecdir=/usr/lib --libdir=/usr/lib --with-system-zlib --enable-multilib --disable-decimal-float --disable-libffi --disable-libgomp --disable-libmudflap --disable-libquadmath --disable-libssp --disable-libstdcxx-pch --disable-libstdc++-v3 --disable-nls --disable-shared --disable-threads --disable-tls --build=x86_64-linux-gnu --host=x86_64-linux-gnu --target=arm-none-eabi --with-gnu-as --with-gnu-ld --with-headers=no --without-newlib --with-pkgversion=4.8.3-11ubuntu1+11 --without-included-gettext --with-multilib-list=armv6-m,armv7-m,armv7e-m,armv7-r INHIBIT_LIBC_CFLAGS=-DUSE_TM_CLONE_REGISTRY=0 AR_FOR_TARGET=arm-none-eabi-ar AS_FOR_TARGET=arm-none-eabi-as LD_FOR_TARGET=arm-none-eabi-ld NM_FOR_TARGET=arm-none-eabi-nm OBJDUMP_FOR_TARGET=arm-none-eabi-objdump RANLIB_FOR_TARGET=arm-none-eabi-ranlib READELF_FOR_TARGET=arm-none-eabi-readelf STRIP_FOR_TARGET=arm-none-eabi-strip
Thread model: single
gcc version 4.8.3 20140913 (release) (4.8.3-11ubuntu1+11) 
configure:3708: $? = 0
configure:3697: arm-none-eabi-gcc -V >&5
arm-none-eabi-gcc: error: unrecognized command line option '-V'
arm-none-eabi-gcc: fatal error: no input files
compilation terminated.
configure:3708: $? = 1
configure:3697: arm-none-eabi-gcc -qversion >&5
arm-none-eabi-gcc: error: unrecognized command line option '-qversion'
arm-none-eabi-gcc: fatal error: no input files
compilation terminated.
configure:3708: $? = 1
configure:3728: checking whether the C compiler works
configure:3750: arm-none-eabi-gcc  -mthumb -mcpu=cortex-m3 -DCORTEX_M0   -lc -lnosys conftest.c  >&5
configure:3754: $? = 0
configure:3802: result: yes
configure:3805: checking for C compiler default output file name
configure:3807: result: a.out
configure:3813: checking for suffix of executables
configure:3820: arm-none-eabi-gcc -o conftest  -mthumb -mcpu=cortex-m3 -DCORTEX_M0   -lc -lnosys conftest.c  >&5
configure:3824: $? = 0
configure:3846: result: 
configure:3868: checking whether we are cross compiling
configure:3876: arm-none-eabi-gcc -o conftest  -mthumb -mcpu=cortex-m3 -DCORTEX_M0   -lc -lnosys conftest.c  >&5
/usr/lib/gcc/arm-none-eabi/4.8/../../../arm-none-eabi/lib/armv7-m/libc.a(lib_a-fstatr.o): In function `_fstat_r':
/build/buildd/newlib-2.1.0+git20140818.1a8323b/build/arm-none-eabi/armv7-m/newlib/libc/reent/../../../../../../newlib/libc/reent/fstatr.c:62: undefined reference to `_fstat'
/usr/lib/gcc/arm-none-eabi/4.8/../../../arm-none-eabi/lib/armv7-m/libc.a(lib_a-openr.o): In function `_open_r':
/build/buildd/newlib-2.1.0+git20140818.1a8323b/build/arm-none-eabi/armv7-m/newlib/libc/reent/../../../../../../newlib/libc/reent/openr.c:59: undefined reference to `_open'
/usr/lib/gcc/arm-none-eabi/4.8/../../../arm-none-eabi/lib/armv7-m/libc.a(lib_a-sbrkr.o): In function `_sbrk_r':
/build/buildd/newlib-2.1.0+git20140818.1a8323b/build/arm-none-eabi/armv7-m/newlib/libc/reent/../../../../../../newlib/libc/reent/sbrkr.c:58: undefined reference to `_sbrk'
/usr/lib/gcc/arm-none-eabi/4.8/../../../arm-none-eabi/lib/armv7-m/libc.a(lib_a-writer.o): In function `_write_r':
/build/buildd/newlib-2.1.0+git20140818.1a8323b/build/arm-none-eabi/armv7-m/newlib/libc/reent/../../../../../../newlib/libc/reent/writer.c:58: undefined reference to `_write'
/usr/lib/gcc/arm-none-eabi/4.8/../../../arm-none-eabi/lib/armv7-m/libc.a(lib_a-closer.o): In function `_close_r':
/build/buildd/newlib-2.1.0+git20140818.1a8323b/build/arm-none-eabi/armv7-m/newlib/libc/reent/../../../../../../newlib/libc/reent/closer.c:53: undefined reference to `_close'
/usr/lib/gcc/arm-none-eabi/4.8/../../../arm-none-eabi/lib/armv7-m/libc.a(lib_a-isattyr.o): In function `_isatty_r':
/build/buildd/newlib-2.1.0+git20140818.1a8323b/build/arm-none-eabi/armv7-m/newlib/libc/reent/../../../../../../newlib/libc/reent/isattyr.c:58: undefined reference to `_isatty'
/usr/lib/gcc/arm-none-eabi/4.8/../../../arm-none-eabi/lib/armv7-m/libc.a(lib_a-lseekr.o): In function `_lseek_r':
/build/buildd/newlib-2.1.0+git20140818.1a8323b/build/arm-none-eabi/armv7-m/newlib/libc/reent/../../../../../../newlib/libc/reent/lseekr.c:58: undefined reference to `_lseek'
/usr/lib/gcc/arm-none-eabi/4.8/../../../arm-none-eabi/lib/armv7-m/libc.a(lib_a-readr.o): In function `_read_r':
/build/buildd/newlib-2.1.0+git20140818.1a8323b/build/arm-none-eabi/armv7-m/newlib/libc/reent/../../../../../../newlib/libc/reent/readr.c:58: undefined reference to `_read'
collect2: error: ld returned 1 exit status
configure:3880: $? = 1
configure:3887: ./conftest
../../beebs/configure: line 3889: ./conftest: No such file or directory
configure:3891: $? = 127
configure:3906: result: yes
configure:3911: checking for suffix of object files
configure:3933: arm-none-eabi-gcc -c  -mthumb -mcpu=cortex-m3 -DCORTEX_M0  conftest.c >&5
configure:3937: $? = 0
configure:3958: result: o
configure:3962: checking whether we are using the GNU C compiler
configure:3981: arm-none-eabi-gcc -c  -mthumb -mcpu=cortex-m3 -DCORTEX_M0  conftest.c >&5
configure:3981: $? = 0
configure:3990: result: yes
configure:3999: checking whether arm-none-eabi-gcc accepts -g
configure:4019: arm-none-eabi-gcc -c -g  conftest.c >&5
configure:4019: $? = 0
configure:4060: result: yes
configure:4077: checking for arm-none-eabi-gcc option to accept ISO C89
configure:4140: arm-none-eabi-gcc  -c  -mthumb -mcpu=cortex-m3 -DCORTEX_M0  conftest.c >&5
configure:4140: $? = 0
configure:4153: result: none needed
configure:4178: checking whether arm-none-eabi-gcc understands -c and -o together
configure:4200: arm-none-eabi-gcc -c conftest.c -o conftest2.o
configure:4203: $? = 0
configure:4200: arm-none-eabi-gcc -c conftest.c -o conftest2.o
configure:4203: $? = 0
configure:4215: result: yes
configure:4234: checking dependency style of arm-none-eabi-gcc
configure:4345: result: gcc3
configure:4360: checking for a sed that does not truncate output
configure:4424: result: /bin/sed
configure:4442: checking for grep that handles long lines and -e
configure:4500: result: /bin/grep
configure:4505: checking for egrep
configure:4567: result: /bin/grep -E
configure:4572: checking for fgrep
configure:4634: result: /bin/grep -F
configure:4669: checking for ld used by arm-none-eabi-gcc
configure:4736: result: /usr/lib/arm-none-eabi/bin/ld
configure:4743: checking if the linker (/usr/lib/arm-none-eabi/bin/ld) is GNU ld
configure:4758: result: yes
configure:4770: checking for BSD- or MS-compatible name lister (nm)
configure:4819: result: /usr/bin/arm-none-eabi-nm -B
configure:4949: checking the name lister (/usr/bin/arm-none-eabi-nm -B) interface
configure:4956: arm-none-eabi-gcc -c  -mthumb -mcpu=cortex-m3 -DCORTEX_M0  conftest.c >&5
configure:4959: /usr/bin/arm-none-eabi-nm -B "conftest.o"
configure:4962: output
00000000 B some_variable
configure:4969: result: BSD nm
configure:4972: checking whether ln -s works
configure:4976: result: yes
configure:4984: checking the maximum length of command line arguments
configure:5115: result: 1572864
configure:5132: checking whether the shell understands some XSI constructs
configure:5142: result: yes
configure:5146: checking whether the shell understands "+="
configure:5152: result: yes
configure:5187: checking how to convert x86_64-unknown-linux-gnu file names to arm-none-eabi format
configure:5227: result: func_convert_file_noop
configure:5234: checking how to convert x86_64-unknown-linux-gnu file names to toolchain format
configure:5254: result: func_convert_file_noop
configure:5261: checking for /usr/lib/arm-none-eabi/bin/ld option to reload object files
configure:5268: result: -r
configure:5302: checking for arm-none-eabi-objdump
configure:5318: found /usr/bin/arm-none-eabi-objdump
configure:5329: result: arm-none-eabi-objdump
configure:5401: checking how to recognize dependent libraries
configure:5599: result: unknown
configure:5644: checking for arm-none-eabi-dlltool
configure:5674: result: no
configure:5684: checking for dlltool
configure:5714: result: no
configure:5744: checking how to associate runtime and link libraries
configure:5771: result: printf %s\n
configure:5788: checking for arm-none-eabi-ar
configure:5804: found /usr/bin/arm-none-eabi-ar
configure:5815: result: arm-none-eabi-ar
configure:5896: checking for archiver @FILE support
configure:5913: arm-none-eabi-gcc -c  -mthumb -mcpu=cortex-m3 -DCORTEX_M0  conftest.c >&5
configure:5913: $? = 0
configure:5916: arm-none-eabi-ar cru libconftest.a @conftest.lst >&5
configure:5919: $? = 0
configure:5924: arm-none-eabi-ar cru libconftest.a @conftest.lst >&5
arm-none-eabi-ar: conftest.o: No such file or directory
configure:5927: $? = 1
configure:5939: result: @
configure:5957: checking for arm-none-eabi-strip
configure:5984: result: arm-none-eabi-strip
configure:6056: checking for arm-none-eabi-ranlib
configure:6072: found /usr/bin/arm-none-eabi-ranlib
configure:6083: result: arm-none-eabi-ranlib
configure:6225: checking command to parse /usr/bin/arm-none-eabi-nm -B output from arm-none-eabi-gcc object
configure:6345: arm-none-eabi-gcc -c  -mthumb -mcpu=cortex-m3 -DCORTEX_M0  conftest.c >&5
configure:6348: $? = 0
configure:6352: /usr/bin/arm-none-eabi-nm -B conftest.o \| sed -n -e 's/^.*[ ]\([ABCDGIRSTW][ABCDGIRSTW]*\)[ ][ ]*\([_A-Za-z][_A-Za-z0-9]*\)$/\1 \2 \2/p' | sed '/ __gnu_lto/d' \> conftest.nm
configure:6355: $? = 0
configure:6421: arm-none-eabi-gcc -o conftest  -mthumb -mcpu=cortex-m3 -DCORTEX_M0   -lc -lnosys conftest.c conftstm.o >&5
configure:6424: $? = 0
configure:6462: result: ok
configure:6499: checking for sysroot
configure:6529: result: no
configure:6752: checking for arm-none-eabi-mt
configure:6782: result: no
configure:6792: checking for mt
configure:6808: found /bin/mt
configure:6819: result: mt
configure:6831: WARNING: using cross tools not prefixed with host triplet
configure:6842: checking if mt is a manifest tool
configure:6848: mt '-?'
configure:6856: result: no
configure:7498: checking how to run the C preprocessor
configure:7529: arm-none-eabi-gcc -E  conftest.c
configure:7529: $? = 0
configure:7543: arm-none-eabi-gcc -E  conftest.c
conftest.c:11:28: fatal error: ac_nonexistent.h: No such file or directory
 #include <ac_nonexistent.h>
                            ^
compilation terminated.
configure:7543: $? = 1
configure: failed program was:
| /* confdefs.h */
| #define PACKAGE_NAME "beebs"
| #define PACKAGE_TARNAME "beebs"
| #define PACKAGE_VERSION "1.0"
| #define PACKAGE_STRING "beebs 1.0"
| #define PACKAGE_BUGREPORT "james.pallister@embecosm.com"
| #define PACKAGE_URL ""
| #define PACKAGE "beebs"
| #define VERSION "1.0"
| /* end confdefs.h.  */
| #include <ac_nonexistent.h>
configure:7568: result: arm-none-eabi-gcc -E
configure:7588: arm-none-eabi-gcc -E  conftest.c
configure:7588: $? = 0
configure:7602: arm-none-eabi-gcc -E  conftest.c
conftest.c:11:28: fatal error: ac_nonexistent.h: No such file or directory
 #include <ac_nonexistent.h>
                            ^
compilation terminated.
configure:7602: $? = 1
configure: failed program was:
| /* confdefs.h */
| #define PACKAGE_NAME "beebs"
| #define PACKAGE_TARNAME "beebs"
| #define PACKAGE_VERSION "1.0"
| #define PACKAGE_STRING "beebs 1.0"
| #define PACKAGE_BUGREPORT "james.pallister@embecosm.com"
| #define PACKAGE_URL ""
| #define PACKAGE "beebs"
| #define VERSION "1.0"
| /* end confdefs.h.  */
| #include <ac_nonexistent.h>
configure:7631: checking for ANSI C header files
configure:7651: arm-none-eabi-gcc -c  -mthumb -mcpu=cortex-m3 -DCORTEX_M0  conftest.c >&5
configure:7651: $? = 0
configure:7735: result: yes
configure:7748: checking for sys/types.h
configure:7748: arm-none-eabi-gcc -c  -mthumb -mcpu=cortex-m3 -DCORTEX_M0  conftest.c >&5
configure:7748: $? = 0
configure:7748: result: yes
configure:7748: checking for sys/stat.h
configure:7748: arm-none-eabi-gcc -c  -mthumb -mcpu=cortex-m3 -DCORTEX_M0  conftest.c >&5
configure:7748: $? = 0
configure:7748: result: yes
configure:7748: checking for stdlib.h
configure:7748: arm-none-eabi-gcc -c  -mthumb -mcpu=cortex-m3 -DCORTEX_M0  conftest.c >&5
configure:7748: $? = 0
configure:7748: result: yes
configure:7748: checking for string.h
configure:7748: arm-none-eabi-gcc -c  -mthumb -mcpu=cortex-m3 -DCORTEX_M0  conftest.c >&5
configure:7748: $? = 0
configure:7748: result: yes
configure:7748: checking for memory.h
configure:7748: arm-none-eabi-gcc -c  -mthumb -mcpu=cortex-m3 -DCORTEX_M0  conftest.c >&5
conftest.c:50:20: fatal error: memory.h: No such file or directory
 #include <memory.h>
                    ^
compilation terminated.
configure:7748: $? = 1
configure: failed program was:
| /* confdefs.h */
| #define PACKAGE_NAME "beebs"
| #define PACKAGE_TARNAME "beebs"
| #define PACKAGE_VERSION "1.0"
| #define PACKAGE_STRING "beebs 1.0"
| #define PACKAGE_BUGREPORT "james.pallister@embecosm.com"
| #define PACKAGE_URL ""
| #define PACKAGE "beebs"
| #define VERSION "1.0"
| #define STDC_HEADERS 1
| #define HAVE_SYS_TYPES_H 1
| #define HAVE_SYS_STAT_H 1
| #define HAVE_STDLIB_H 1
| #define HAVE_STRING_H 1
| /* end confdefs.h.  */
| #include <stdio.h>
| #ifdef HAVE_SYS_TYPES_H
| # include <sys/types.h>
| #endif
| #ifdef HAVE_SYS_STAT_H
| # include <sys/stat.h>
| #endif
| #ifdef STDC_HEADERS
| # include <stdlib.h>
| # include <stddef.h>
| #else
| # ifdef HAVE_STDLIB_H
| #  include <stdlib.h>
| # endif
| #endif
| #ifdef HAVE_STRING_H
| # if !defined STDC_HEADERS && defined HAVE_MEMORY_H
| #  include <memory.h>
| # endif
| # include <string.h>
| #endif
| #ifdef HAVE_STRINGS_H
| # include <strings.h>
| #endif
| #ifdef HAVE_INTTYPES_H
| # include <inttypes.h>
| #endif
| #ifdef HAVE_STDINT_H
| # include <stdint.h>
| #endif
| #ifdef HAVE_UNISTD_H
| # include <unistd.h>
| #endif
| 
| #include <memory.h>
configure:7748: result: no
configure:7748: checking for strings.h
configure:7748: arm-none-eabi-gcc -c  -mthumb -mcpu=cortex-m3 -DCORTEX_M0  conftest.c >&5
configure:7748: $? = 0
configure:7748: result: yes
configure:7748: checking for inttypes.h
configure:7748: arm-none-eabi-gcc -c  -mthumb -mcpu=cortex-m3 -DCORTEX_M0  conftest.c >&5
configure:7748: $? = 0
configure:7748: result: yes
configure:7748: checking for stdint.h
configure:7748: arm-none-eabi-gcc -c  -mthumb -mcpu=cortex-m3 -DCORTEX_M0  conftest.c >&5
configure:7748: $? = 0
configure:7748: result: yes
configure:7748: checking for unistd.h
configure:7748: arm-none-eabi-gcc -c  -mthumb -mcpu=cortex-m3 -DCORTEX_M0  conftest.c >&5
configure:7748: $? = 0
configure:7748: result: yes
configure:7762: checking for dlfcn.h
configure:7762: arm-none-eabi-gcc -c  -mthumb -mcpu=cortex-m3 -DCORTEX_M0  conftest.c >&5
conftest.c:54:19: fatal error: dlfcn.h: No such file or directory
 #include <dlfcn.h>
                   ^
compilation terminated.
configure:7762: $? = 1
configure: failed program was:
| /* confdefs.h */
| #define PACKAGE_NAME "beebs"
| #define PACKAGE_TARNAME "beebs"
| #define PACKAGE_VERSION "1.0"
| #define PACKAGE_STRING "beebs 1.0"
| #define PACKAGE_BUGREPORT "james.pallister@embecosm.com"
| #define PACKAGE_URL ""
| #define PACKAGE "beebs"
| #define VERSION "1.0"
| #define STDC_HEADERS 1
| #define HAVE_SYS_TYPES_H 1
| #define HAVE_SYS_STAT_H 1
| #define HAVE_STDLIB_H 1
| #define HAVE_STRING_H 1
| #define HAVE_STRINGS_H 1
| #define HAVE_INTTYPES_H 1
| #define HAVE_STDINT_H 1
| #define HAVE_UNISTD_H 1
| /* end confdefs.h.  */
| #include <stdio.h>
| #ifdef HAVE_SYS_TYPES_H
| # include <sys/types.h>
| #endif
| #ifdef HAVE_SYS_STAT_H
| # include <sys/stat.h>
| #endif
| #ifdef STDC_HEADERS
| # include <stdlib.h>
| # include <stddef.h>
| #else
| # ifdef HAVE_STDLIB_H
| #  include <stdlib.h>
| # endif
| #endif
| #ifdef HAVE_STRING_H
| # if !defined STDC_HEADERS && defined HAVE_MEMORY_H
| #  include <memory.h>
| # endif
| # include <string.h>
| #endif
| #ifdef HAVE_STRINGS_H
| # include <strings.h>
| #endif
| #ifdef HAVE_INTTYPES_H
| # include <inttypes.h>
| #endif
| #ifdef HAVE_STDINT_H
| # include <stdint.h>
| #endif
| #ifdef HAVE_UNISTD_H
| # include <unistd.h>
| #endif
| 
| #include <dlfcn.h>
configure:7762: result: no
configure:7968: checking for objdir
configure:7983: result: .libs
configure:8254: checking if arm-none-eabi-gcc supports -fno-rtti -fno-exceptions
configure:8272: arm-none-eabi-gcc -c  -mthumb -mcpu=cortex-m3 -DCORTEX_M0  -fno-rtti -fno-exceptions conftest.c >&5
cc1: warning: command line option '-fno-rtti' is valid for C++/ObjC++ but not for C [enabled by default]
configure:8276: $? = 0
configure:8289: result: no
configure:8616: checking for arm-none-eabi-gcc option to produce PIC
configure:8623: result: -fPIC -DPIC
configure:8631: checking if arm-none-eabi-gcc PIC flag -fPIC -DPIC works
configure:8649: arm-none-eabi-gcc -c  -mthumb -mcpu=cortex-m3 -DCORTEX_M0  -fPIC -DPIC -DPIC conftest.c >&5
configure:8653: $? = 0
configure:8666: result: yes
configure:8695: checking if arm-none-eabi-gcc static flag -static works
configure:8723: result: yes
configure:8738: checking if arm-none-eabi-gcc supports -c -o file.o
configure:8759: arm-none-eabi-gcc -c  -mthumb -mcpu=cortex-m3 -DCORTEX_M0  -o out/conftest2.o conftest.c >&5
configure:8763: $? = 0
configure:8785: result: yes
configure:8793: checking if arm-none-eabi-gcc supports -c -o file.o
configure:8840: result: yes
configure:8873: checking whether the arm-none-eabi-gcc linker (/usr/lib/arm-none-eabi/bin/ld) supports shared libraries
configure:10030: result: yes
configure:10067: checking whether -lc should be explicitly linked in
configure:10075: arm-none-eabi-gcc -c  -mthumb -mcpu=cortex-m3 -DCORTEX_M0  conftest.c >&5
configure:10078: $? = 0
configure:10093: arm-none-eabi-gcc -shared  -fPIC -DPIC conftest.o  -v -Wl,-soname -Wl,conftest -o conftest 2\>\&1 \| /bin/grep  -lc  \>/dev/null 2\>\&1
configure:10096: $? = 1
configure:10110: result: yes
configure:10270: checking dynamic linker characteristics
configure:11004: result: no
configure:11111: checking how to hardcode library paths into programs
configure:11136: result: immediate
configure:11676: checking whether stripping libraries is possible
configure:11681: result: yes
configure:11716: checking if libtool supports shared libraries
configure:11718: result: no
configure:11721: checking whether to build shared libraries
configure:11742: result: no
configure:11745: checking whether to build static libraries
configure:11749: result: yes
configure:11796: checking for arm-none-eabi-gcc option to accept ISO C99
configure:11945: arm-none-eabi-gcc  -c  -mthumb -mcpu=cortex-m3 -DCORTEX_M0  conftest.c >&5
conftest.c:71:29: error: expected ';', ',' or ')' before 'text'
 test_restrict (ccp restrict text)
                             ^
conftest.c: In function 'main':
conftest.c:125:18: error: expected '=', ',', ';', 'asm' or '__attribute__' before 'newvar'
   char *restrict newvar = "Another string";
                  ^
conftest.c:125:18: error: 'newvar' undeclared (first use in this function)
conftest.c:125:18: note: each undeclared identifier is reported only once for each function it appears in
conftest.c:135:3: error: 'for' loop initial declarations are only allowed in C99 mode
   for (int i = 0; i < ia->datasize; ++i)
   ^
conftest.c:135:3: note: use option -std=c99 or -std=gnu99 to compile your code
configure:11945: $? = 1
configure: failed program was:
| /* confdefs.h */
| #define PACKAGE_NAME "beebs"
| #define PACKAGE_TARNAME "beebs"
| #define PACKAGE_VERSION "1.0"
| #define PACKAGE_STRING "beebs 1.0"
| #define PACKAGE_BUGREPORT "james.pallister@embecosm.com"
| #define PACKAGE_URL ""
| #define PACKAGE "beebs"
| #define VERSION "1.0"
| #define STDC_HEADERS 1
| #define HAVE_SYS_TYPES_H 1
| #define HAVE_SYS_STAT_H 1
| #define HAVE_STDLIB_H 1
| #define HAVE_STRING_H 1
| #define HAVE_STRINGS_H 1
| #define HAVE_INTTYPES_H 1
| #define HAVE_STDINT_H 1
| #define HAVE_UNISTD_H 1
| #define LT_OBJDIR ".libs/"
| /* end confdefs.h.  */
| #include <stdarg.h>
| #include <stdbool.h>
| #include <stdlib.h>
| #include <wchar.h>
| #include <stdio.h>
| 
| // Check varargs macros.  These examples are taken from C99 6.10.3.5.
| #define debug(...) fprintf (stderr, __VA_ARGS__)
| #define showlist(...) puts (#__VA_ARGS__)
| #define report(test,...) ((test) ? puts (#test) : printf (__VA_ARGS__))
| static void
| test_varargs_macros (void)
| {
|   int x = 1234;
|   int y = 5678;
|   debug ("Flag");
|   debug ("X = %d\n", x);
|   showlist (The first, second, and third items.);
|   report (x>y, "x is %d but y is %d", x, y);
| }
| 
| // Check long long types.
| #define BIG64 18446744073709551615ull
| #define BIG32 4294967295ul
| #define BIG_OK (BIG64 / BIG32 == 4294967297ull && BIG64 % BIG32 == 0)
| #if !BIG_OK
|   your preprocessor is broken;
| #endif
| #if BIG_OK
| #else
|   your preprocessor is broken;
| #endif
| static long long int bignum = -9223372036854775807LL;
| static unsigned long long int ubignum = BIG64;
| 
| struct incomplete_array
| {
|   int datasize;
|   double data[];
| };
| 
| struct named_init {
|   int number;
|   const wchar_t *name;
|   double average;
| };
| 
| typedef const char *ccp;
| 
| static inline int
| test_restrict (ccp restrict text)
| {
|   // See if C++-style comments work.
|   // Iterate through items via the restricted pointer.
|   // Also check for declarations in for loops.
|   for (unsigned int i = 0; *(text+i) != '\0'; ++i)
|     continue;
|   return 0;
| }
| 
| // Check varargs and va_copy.
| static void
| test_varargs (const char *format, ...)
| {
|   va_list args;
|   va_start (args, format);
|   va_list args_copy;
|   va_copy (args_copy, args);
| 
|   const char *str;
|   int number;
|   float fnumber;
| 
|   while (*format)
|     {
|       switch (*format++)
| 	{
| 	case 's': // string
| 	  str = va_arg (args_copy, const char *);
| 	  break;
| 	case 'd': // int
| 	  number = va_arg (args_copy, int);
| 	  break;
| 	case 'f': // float
| 	  fnumber = va_arg (args_copy, double);
| 	  break;
| 	default:
| 	  break;
| 	}
|     }
|   va_end (args_copy);
|   va_end (args);
| }
| 
| int
| main ()
| {
| 
|   // Check bool.
|   _Bool success = false;
| 
|   // Check restrict.
|   if (test_restrict ("String literal") == 0)
|     success = true;
|   char *restrict newvar = "Another string";
| 
|   // Check varargs.
|   test_varargs ("s, d' f .", "string", 65, 34.234);
|   test_varargs_macros ();
| 
|   // Check flexible array members.
|   struct incomplete_array *ia =
|     malloc (sizeof (struct incomplete_array) + (sizeof (double) * 10));
|   ia->datasize = 10;
|   for (int i = 0; i < ia->datasize; ++i)
|     ia->data[i] = i * 1.234;
| 
|   // Check named initializers.
|   struct named_init ni = {
|     .number = 34,
|     .name = L"Test wide string",
|     .average = 543.34343,
|   };
| 
|   ni.number = 58;
| 
|   int dynamic_array[ni.number];
|   dynamic_array[ni.number - 1] = 543;
| 
|   // work around unused variable warnings
|   return (!success || bignum == 0LL || ubignum == 0uLL || newvar[0] == 'x'
| 	  || dynamic_array[ni.number - 1] != 543);
| 
|   ;
|   return 0;
| }
configure:11945: arm-none-eabi-gcc -std=gnu99 -c  -mthumb -mcpu=cortex-m3 -DCORTEX_M0  conftest.c >&5
configure:11945: $? = 0
configure:11965: result: -std=gnu99
configure:11982: checking dependency style of arm-none-eabi-gcc -std=gnu99
configure:12091: result: gcc3
configure:12111: checking for arm-none-eabi-gcc
configure:12127: found /usr/bin/arm-none-eabi-gcc
configure:12139: result: yes
configure:13263: checking that generated files are newer than configure
configure:13269: result: done
configure:13308: creating ./config.status

## ---------------- ##
## Cache variables. ##
## ---------------- ##

ac_cv_build=x86_64-unknown-linux-gnu
ac_cv_c_compiler_gnu=yes
ac_cv_env_CCASFLAGS_set=
ac_cv_env_CCASFLAGS_value=
ac_cv_env_CCAS_set=
ac_cv_env_CCAS_value=
ac_cv_env_CC_set=
ac_cv_env_CC_value=
ac_cv_env_CFLAGS_set=
ac_cv_env_CFLAGS_value=
ac_cv_env_CPPFLAGS_set=
ac_cv_env_CPPFLAGS_value=
ac_cv_env_CPP_set=
ac_cv_env_CPP_value=
ac_cv_env_LDFLAGS_set=
ac_cv_env_LDFLAGS_value=
ac_cv_env_LIBS_set=
ac_cv_env_LIBS_value=
ac_cv_env_build_alias_set=
ac_cv_env_build_alias_value=
ac_cv_env_host_alias_set=set
ac_cv_env_host_alias_value=arm-none-eabi
ac_cv_env_target_alias_set=
ac_cv_env_target_alias_value=
ac_cv_header_dlfcn_h=no
ac_cv_header_inttypes_h=yes
ac_cv_header_memory_h=no
ac_cv_header_stdc=yes
ac_cv_header_stdint_h=yes
ac_cv_header_stdlib_h=yes
ac_cv_header_string_h=yes
ac_cv_header_strings_h=yes
ac_cv_header_sys_stat_h=yes
ac_cv_header_sys_types_h=yes
ac_cv_header_unistd_h=yes
ac_cv_host=arm-none-eabi
ac_cv_objext=o
ac_cv_path_EGREP='/bin/grep -E'
ac_cv_path_FGREP='/bin/grep -F'
ac_cv_path_GREP=/bin/grep
ac_cv_path_SED=/bin/sed
ac_cv_path_install='/usr/bin/install -c'
ac_cv_path_mkdir=/bin/mkdir
ac_cv_prog_AR=arm-none-eabi-ar
ac_cv_prog_AWK=mawk
ac_cv_prog_CC=arm-none-eabi-gcc
ac_cv_prog_CPP='arm-none-eabi-gcc -E'
ac_cv_prog_CROSS_COMPILER_CHECK=yes
ac_cv_prog_OBJDUMP=arm-none-eabi-objdump
ac_cv_prog_RANLIB=arm-none-eabi-ranlib
ac_cv_prog_STRIP=arm-none-eabi-strip
ac_cv_prog_ac_ct_MANIFEST_TOOL=mt
ac_cv_prog_cc_c89=
ac_cv_prog_cc_c99=-std=gnu99
ac_cv_prog_cc_g=yes
ac_cv_prog_make_make_set=yes
ac_cv_target=arm-none-eabi
am_cv_CCAS_dependencies_compiler_type=gcc3
am_cv_CC_dependencies_compiler_type=gcc3
am_cv_make_support_nested_variables=yes
am_cv_prog_cc_c_o=yes
lt_cv_ar_at_file=@
lt_cv_archive_cmds_need_lc=yes
lt_cv_deplibs_check_method=unknown
lt_cv_file_magic_cmd='$MAGIC_CMD'
lt_cv_file_magic_test_file=
lt_cv_ld_reload_flag=-r
lt_cv_nm_interface='BSD nm'
lt_cv_objdir=.libs
lt_cv_path_LD=/usr/lib/arm-none-eabi/bin/ld
lt_cv_path_NM='/usr/bin/arm-none-eabi-nm -B'
lt_cv_path_mainfest_tool=no
lt_cv_prog_compiler_c_o=yes
lt_cv_prog_compiler_pic='-fPIC -DPIC'
lt_cv_prog_compiler_pic_works=yes
lt_cv_prog_compiler_rtti_exceptions=no
lt_cv_prog_compiler_static_works=yes
lt_cv_prog_gnu_ld=yes
lt_cv_sharedlib_from_linklib_cmd='printf %s\n'
lt_cv_sys_global_symbol_pipe='sed -n -e '\''s/^.*[	 ]\([ABCDGIRSTW][ABCDGIRSTW]*\)[	 ][	 ]*\([_A-Za-z][_A-Za-z0-9]*\)$/\1 \2 \2/p'\'' | sed '\''/ __gnu_lto/d'\'''
lt_cv_sys_global_symbol_to_c_name_address='sed -n -e '\''s/^: \([^ ]*\)[ ]*$/  {\"\1\", (void *) 0},/p'\'' -e '\''s/^[ABCDGIRSTW]* \([^ ]*\) \([^ ]*\)$/  {"\2", (void *) \&\2},/p'\'''
lt_cv_sys_global_symbol_to_c_name_address_lib_prefix='sed -n -e '\''s/^: \([^ ]*\)[ ]*$/  {\"\1\", (void *) 0},/p'\'' -e '\''s/^[ABCDGIRSTW]* \([^ ]*\) \(lib[^ ]*\)$/  {"\2", (void *) \&\2},/p'\'' -e '\''s/^[ABCDGIRSTW]* \([^ ]*\) \([^ ]*\)$/  {"lib\2", (void *) \&\2},/p'\'''
lt_cv_sys_global_symbol_to_cdecl='sed -n -e '\''s/^T .* \(.*\)$/extern int \1();/p'\'' -e '\''s/^[ABCDGIRSTW]* .* \(.*\)$/extern char \1;/p'\'''
lt_cv_sys_max_cmd_len=1572864
lt_cv_to_host_file_cmd=func_convert_file_noop
lt_cv_to_tool_file_cmd=func_convert_file_noop

## ----------------- ##
## Output variables. ##
## ----------------- ##

ACLOCAL='${SHELL} /home/ae/Desktop/ramoverlay/beebs/build-aux/missing aclocal-1.14'
AMDEPBACKSLASH='\'
AMDEP_FALSE='#'
AMDEP_TRUE=''
AMTAR='$${TAR-tar}'
AM_BACKSLASH='\'
AM_CFLAGS='-mthumb -mcpu=cortex-m3 -DCORTEX_M3'
AM_DEFAULT_V='$(AM_DEFAULT_VERBOSITY)'
AM_DEFAULT_VERBOSITY='0'
AM_LDFLAGS='-lc -lnosys'
AM_V='$(V)'
AR='arm-none-eabi-ar'
ATMEGA328P_FALSE=''
ATMEGA328P_TRUE='#'
AUTOCONF='${SHELL} /home/ae/Desktop/ramoverlay/beebs/build-aux/missing autoconf'
AUTOHEADER='${SHELL} /home/ae/Desktop/ramoverlay/beebs/build-aux/missing autoheader'
AUTOMAKE='${SHELL} /home/ae/Desktop/ramoverlay/beebs/build-aux/missing automake-1.14'
AWK='mawk'
BENCHMARKS_SUBDIRS='src/2dfir src/adpcm src/blowfish src/bs src/bsort100 src/bubblesort src/cnt src/compress src/cover src/crc src/crc32 src/ctl-string src/ctl-stack src/ctl-vector src/cubic src/dhrystone src/dijkstra src/dtoa src/duff src/edn src/expint src/fac src/fasta src/fdct src/fft src/fibcall src/fir src/float_matmult src/frac src/gdb-advance src/gdb-all-types src/gdb-anon src/gdb-arrayidx src/gdb-async src/gdb-bitfields src/gdb-constvars src/gdb-store src/huffbench src/insertsort src/int_matmult src/janne_complex src/jfdctint src/lcdnum src/levenshtein src/lms src/ludcmp src/mergesort src/miniz src/minver src/nbody src/ndes src/nettle-arcfour src/nettle-cast128 src/nettle-des src/nettle-md5 src/newlib-exp src/newlib-log src/newlib-mod src/newlib-sqrt src/ns src/nsichneu src/prime src/qsort src/qurt src/recursion src/rijndael src/select src/sglib-arraybinsearch src/sglib-arraysort src/sglib-arraysort1 src/sglib-dllist src/sglib-hashtable src/sglib-listinsertsort src/sglib-listinsertsort1 src/sglib-listsort src/sglib-queue src/sglib-rbtree src/sha src/slre src/stringsearch1 src/strstr src/sqrt src/st src/statemate src/tarai src/ud src/wikisort src/whetstone '
CC='arm-none-eabi-gcc -std=gnu99'
CCAS='arm-none-eabi-gcc -std=gnu99'
CCASDEPMODE='depmode=gcc3'
CCASFLAGS=' -mthumb -mcpu=cortex-m3 -DCORTEX_M0'
CCDEPMODE='depmode=gcc3'
CFLAGS=''
CPP='arm-none-eabi-gcc -E'
CPPFLAGS=''
CROSS_COMPILER_CHECK='yes'
CYGPATH_W='echo'
DEFS='-DPACKAGE_NAME=\"beebs\" -DPACKAGE_TARNAME=\"beebs\" -DPACKAGE_VERSION=\"1.0\" -DPACKAGE_STRING=\"beebs\ 1.0\" -DPACKAGE_BUGREPORT=\"james.pallister@embecosm.com\" -DPACKAGE_URL=\"\" -DPACKAGE=\"beebs\" -DVERSION=\"1.0\" -DSTDC_HEADERS=1 -DHAVE_SYS_TYPES_H=1 -DHAVE_SYS_STAT_H=1 -DHAVE_STDLIB_H=1 -DHAVE_STRING_H=1 -DHAVE_STRINGS_H=1 -DHAVE_INTTYPES_H=1 -DHAVE_STDINT_H=1 -DHAVE_UNISTD_H=1 -DLT_OBJDIR=\".libs/\"'
DEPDIR='.deps'
DLLTOOL='false'
DSYMUTIL=''
DUMPBIN=''
ECHO_C=''
ECHO_N='-n'
ECHO_T=''
EGREP='/bin/grep -E'
EXEEXT=''
FGREP='/bin/grep -F'
GREP='/bin/grep'
INSTALL_DATA='${INSTALL} -m 644'
INSTALL_PROGRAM='${INSTALL}'
INSTALL_SCRIPT='${INSTALL}'
INSTALL_STRIP_PROGRAM='$(install_sh) -c -s'
LD='/usr/lib/arm-none-eabi/bin/ld'
LDFLAGS=' -lc -lnosys'
LIBOBJS=''
LIBS=''
LIBTOOL='$(SHELL) $(top_builddir)/libtool'
LIPO=''
LN_S='ln -s'
LTLIBOBJS=''
MAINT='#'
MAINTAINER_MODE_FALSE=''
MAINTAINER_MODE_TRUE='#'
MAKEINFO='${SHELL} /home/ae/Desktop/ramoverlay/beebs/build-aux/missing makeinfo'
MANIFEST_TOOL=':'
MKDIR_P='/bin/mkdir -p'
MSPEXP430F5529_FALSE=''
MSPEXP430F5529_TRUE='#'
MSPEXP430FR5739_FALSE=''
MSPEXP430FR5739_TRUE='#'
NM='/usr/bin/arm-none-eabi-nm -B'
NMEDIT=''
OBJDUMP='arm-none-eabi-objdump'
OBJEXT='o'
OTOOL64=''
OTOOL=''
PACKAGE='beebs'
PACKAGE_BUGREPORT='james.pallister@embecosm.com'
PACKAGE_NAME='beebs'
PACKAGE_STRING='beebs 1.0'
PACKAGE_TARNAME='beebs'
PACKAGE_URL=''
PACKAGE_VERSION='1.0'
PATH_SEPARATOR=':'
PIC32MX250F128B_FALSE=''
PIC32MX250F128B_TRUE='#'
RANLIB='arm-none-eabi-ranlib'
SAM4LXPLAINED_FALSE=''
SAM4LXPLAINED_TRUE='#'
SED='/bin/sed'
SET_MAKE=''
SHELL='/bin/bash'
SIMULATE_FALSE=''
SIMULATE_TRUE='#'
SIMULATORPATH=''
STM32F0DISCOVERY_FALSE=''
STM32F0DISCOVERY_TRUE='#'
STM32VLDISCOVERY_FALSE='#'
STM32VLDISCOVERY_TRUE=''
STRIP='arm-none-eabi-strip'
VERSION='1.0'
XMEGAA3BUXPLAINED_FALSE=''
XMEGAA3BUXPLAINED_TRUE='#'
ac_ct_AR=''
ac_ct_CC=''
ac_ct_DUMPBIN=''
am__EXEEXT_FALSE=''
am__EXEEXT_TRUE='#'
am__fastdepCCAS_FALSE='#'
am__fastdepCCAS_TRUE=''
am__fastdepCC_FALSE='#'
am__fastdepCC_TRUE=''
am__include='include'
am__isrc=' -I$(srcdir)'
am__leading_dot='.'
am__nodep='_no'
am__quote=''
am__tar='$${TAR-tar} chof - "$$tardir"'
am__untar='$${TAR-tar} xf -'
bindir='${exec_prefix}/bin'
build='x86_64-unknown-linux-gnu'
build_alias=''
build_cpu='x86_64'
build_os='linux-gnu'
build_vendor='unknown'
datadir='${datarootdir}'
datarootdir='${prefix}/share'
docdir='${datarootdir}/doc/${PACKAGE_TARNAME}'
dvidir='${docdir}'
exec_prefix='${prefix}'
host='arm-none-eabi'
host_alias='arm-none-eabi'
host_cpu='arm'
host_os='eabi'
host_vendor='none'
htmldir='${docdir}'
includedir='${prefix}/include'
infodir='${datarootdir}/info'
install_sh='${SHELL} /home/ae/Desktop/ramoverlay/beebs/build-aux/install-sh'
libdir='${exec_prefix}/lib'
libexecdir='${exec_prefix}/libexec'
localedir='${datarootdir}/locale'
localstatedir='${prefix}/var'
mandir='${datarootdir}/man'
mkdir_p='$(MKDIR_P)'
oldincludedir='/usr/include'
pdfdir='${docdir}'
prefix='/usr/local'
program_transform_name='s,x,x,'
psdir='${docdir}'
sbindir='${exec_prefix}/sbin'
sharedstatedir='${prefix}/com'
simulate_m0_cmd=''
simulavr_cmd=''
sysconfdir='${prefix}/etc'
target='arm-none-eabi'
target_alias=''
target_cpu='arm'
target_os='eabi'
target_vendor='none'

## ----------- ##
## confdefs.h. ##
## ----------- ##

/* confdefs.h */
#define PACKAGE_NAME "beebs"
#define PACKAGE_TARNAME "beebs"
#define PACKAGE_VERSION "1.0"
#define PACKAGE_STRING "beebs 1.0"
#define PACKAGE_BUGREPORT "james.pallister@embecosm.com"
#define PACKAGE_URL ""
#define PACKAGE "beebs"
#define VERSION "1.0"
#define STDC_HEADERS 1
#define HAVE_SYS_TYPES_H 1
#define HAVE_SYS_STAT_H 1
#define HAVE_STDLIB_H 1
#define HAVE_STRING_H 1
#define HAVE_STRINGS_H 1
#define HAVE_INTTYPES_H 1
#define HAVE_STDINT_H 1
#define HAVE_UNISTD_H 1
#define LT_OBJDIR ".libs/"

configure: exit 0

## ---------------------- ##
## Running config.status. ##
## ---------------------- ##

This file was extended by beebs config.status 1.0, which was
generated by GNU Autoconf 2.69.  Invocation command line was

  CONFIG_FILES    = 
  CONFIG_HEADERS  = 
  CONFIG_LINKS    = 
  CONFIG_COMMANDS = 
  $ ./config.status 

on ae

config.status:1134: creating src/2dfir/Makefile
config.status:1134: creating src/adpcm/Makefile
config.status:1134: creating src/blowfish/Makefile
config.status:1134: creating src/bs/Makefile
config.status:1134: creating src/bsort100/Makefile
config.status:1134: creating src/bubblesort/Makefile
config.status:1134: creating src/cnt/Makefile
config.status:1134: creating src/compress/Makefile
config.status:1134: creating src/cover/Makefile
config.status:1134: creating src/crc/Makefile
config.status:1134: creating src/crc32/Makefile
config.status:1134: creating src/ctl-string/Makefile
config.status:1134: creating src/ctl-stack/Makefile
config.status:1134: creating src/ctl-vector/Makefile
config.status:1134: creating src/cubic/Makefile
config.status:1134: creating src/dhrystone/Makefile
config.status:1134: creating src/dijkstra/Makefile
config.status:1134: creating src/dtoa/Makefile
config.status:1134: creating src/duff/Makefile
config.status:1134: creating src/edn/Makefile
config.status:1134: creating src/expint/Makefile
config.status:1134: creating src/fac/Makefile
config.status:1134: creating src/fasta/Makefile
config.status:1134: creating src/fdct/Makefile
config.status:1134: creating src/fft/Makefile
config.status:1134: creating src/fibcall/Makefile
config.status:1134: creating src/fir/Makefile
config.status:1134: creating src/float_matmult/Makefile
config.status:1134: creating src/frac/Makefile
config.status:1134: creating src/gdb-advance/Makefile
config.status:1134: creating src/gdb-all-types/Makefile
config.status:1134: creating src/gdb-anon/Makefile
config.status:1134: creating src/gdb-arrayidx/Makefile
config.status:1134: creating src/gdb-async/Makefile
config.status:1134: creating src/gdb-bitfields/Makefile
config.status:1134: creating src/gdb-constvars/Makefile
config.status:1134: creating src/gdb-store/Makefile
config.status:1134: creating src/huffbench/Makefile
config.status:1134: creating src/insertsort/Makefile
config.status:1134: creating src/int_matmult/Makefile
config.status:1134: creating src/janne_complex/Makefile
config.status:1134: creating src/jfdctint/Makefile
config.status:1134: creating src/lcdnum/Makefile
config.status:1134: creating src/levenshtein/Makefile
config.status:1134: creating src/lms/Makefile
config.status:1134: creating src/ludcmp/Makefile
config.status:1134: creating src/mergesort/Makefile
config.status:1134: creating src/miniz/Makefile
config.status:1134: creating src/minver/Makefile
config.status:1134: creating src/nbody/Makefile
config.status:1134: creating src/ndes/Makefile
config.status:1134: creating src/nettle-arcfour/Makefile
config.status:1134: creating src/nettle-cast128/Makefile
config.status:1134: creating src/nettle-des/Makefile
config.status:1134: creating src/nettle-md5/Makefile
config.status:1134: creating src/newlib-exp/Makefile
config.status:1134: creating src/newlib-log/Makefile
config.status:1134: creating src/newlib-mod/Makefile
config.status:1134: creating src/newlib-sqrt/Makefile
config.status:1134: creating src/ns/Makefile
config.status:1134: creating src/nsichneu/Makefile
config.status:1134: creating src/prime/Makefile
config.status:1134: creating src/qsort/Makefile
config.status:1134: creating src/qurt/Makefile
config.status:1134: creating src/recursion/Makefile
config.status:1134: creating src/rijndael/Makefile
config.status:1134: creating src/select/Makefile
config.status:1134: creating src/sglib-arraybinsearch/Makefile
config.status:1134: creating src/sglib-arraysort/Makefile
config.status:1134: creating src/sglib-arraysort1/Makefile
config.status:1134: creating src/sglib-dllist/Makefile
config.status:1134: creating src/sglib-hashtable/Makefile
config.status:1134: creating src/sglib-listinsertsort/Makefile
config.status:1134: creating src/sglib-listinsertsort1/Makefile
config.status:1134: creating src/sglib-listsort/Makefile
config.status:1134: creating src/sglib-queue/Makefile
config.status:1134: creating src/sglib-rbtree/Makefile
config.status:1134: creating src/sha/Makefile
config.status:1134: creating src/slre/Makefile
config.status:1134: creating src/stringsearch1/Makefile
config.status:1134: creating src/strstr/Makefile
config.status:1134: creating src/sqrt/Makefile
config.status:1134: creating src/st/Makefile
config.status:1134: creating src/statemate/Makefile
config.status:1134: creating src/tarai/Makefile
config.status:1134: creating src/ud/Makefile
config.status:1134: creating src/wikisort/Makefile
config.status:1134: creating src/whetstone/Makefile
config.status:1134: creating src/template/Makefile
config.status:1134: creating src/platformcode/Makefile
config.status:1134: creating analysis/Makefile
config.status:1134: creating Makefile
config.status:1291: executing depfiles commands
config.status:1291: executing libtool commands
